<?xml version="1.0" encoding="UTF-8"?>
<!-- Generated by org.testng.reporters.JUnitReportReporter -->
<testsuite hostname="DESKTOP-S0OMM8K" failures="0" tests="4" name="Grouping.GoupTestInTestng" time="0.027" errors="0" timestamp="2025-05-26T13:54:20 IST" skipped="0">
  <testcase classname="Grouping.GoupTestInTestng" name="smoke" time="0.003"/>
  <system-out/>
  <testcase classname="Grouping.GoupTestInTestng" name="sanity" time="0.002"/>
  <system-out/>
  <testcase classname="Grouping.GoupTestInTestng" name="endToEnd" time="0.020"/>
  <system-out/>
  <testcase classname="Grouping.GoupTestInTestng" name="regression" time="0.002"/>
  <system-out/>
</testsuite> <!-- Grouping.GoupTestInTestng -->
