<?xml version="1.0" encoding="UTF-8"?>
<!-- Generated by org.testng.reporters.JUnitReportReporter -->
<testsuite hostname="DESKTOP-S0OMM8K" failures="0" tests="4" name="TestNGProgram.Assertion" time="0.224" errors="0" timestamp="2025-04-20T14:23:18 IST" skipped="0">
  <testcase classname="TestNGProgram.Assertion" name="verifyEmailInputField" time="0.045"/>
  <system-out/>
  <testcase classname="TestNGProgram.Assertion" name="VerifyFacebookLoginForm" time="0.106"/>
  <system-out/>
  <testcase classname="TestNGProgram.Assertion" name="verifyFacebookTitle" time="0.032"/>
  <system-out/>
  <testcase classname="TestNGProgram.Assertion" name="verifyFacebookLogo" time="0.041"/>
  <system-out/>
</testsuite> <!-- TestNGProgram.Assertion -->
