<?xml version="1.0" encoding="UTF-8"?>
<!-- Generated by org.testng.reporters.JUnitReportReporter -->
<testsuite hostname="DESKTOP-S0OMM8K" failures="0" tests="4" name="DataProvider.Exmple1" time="5.485" errors="0" timestamp="2025-05-01T09:53:25 IST" skipped="0">
  <testcase classname="DataProvider.Exmple1" name="createFBAccount" time="1.301"/>
  <system-out/>
  <testcase classname="DataProvider.Exmple1" name="createFBAccount" time="1.281"/>
  <system-out/>
  <testcase classname="DataProvider.Exmple1" name="createFBAccount" time="1.537"/>
  <system-out/>
  <testcase classname="DataProvider.Exmple1" name="createFBAccount" time="1.366"/>
  <system-out/>
</testsuite> <!-- DataProvider.Exmple1 -->
