<?xml version="1.0" encoding="UTF-8"?>
<!-- Generated by org.testng.reporters.JUnitReportReporter -->
<testsuite hostname="DESKTOP-S0OMM8K" failures="0" tests="3" name="DataProvider.Example2" time="40.228" errors="0" timestamp="2025-04-27T13:36:02 IST" skipped="0">
  <testcase classname="DataProvider.Example2" name="createNewAccount" time="12.972"/>
  <system-out/>
  <testcase classname="DataProvider.Example2" name="createNewAccount" time="12.750"/>
  <system-out/>
  <testcase classname="DataProvider.Example2" name="createNewAccount" time="14.506"/>
  <system-out/>
</testsuite> <!-- DataProvider.Example2 -->
