<?xml version="1.0" encoding="UTF-8"?>
<!-- Generated by org.testng.reporters.JUnitReportReporter -->
<testsuite hostname="DESKTOP-S0OMM8K" failures="0" tests="1" name="TestNGProgram.TestNGAnnotations" time="0.022" errors="0" timestamp="2025-04-20T12:32:24 IST" skipped="0">
  <testcase classname="TestNGProgram.TestNGAnnotations" name="test" time="0.022"/>
  <system-out/>
</testsuite> <!-- TestNGProgram.TestNGAnnotations -->
