<?xml version="1.0" encoding="UTF-8"?>
<!-- Generated by org.testng.reporters.JUnitReportReporter -->
<testsuite hostname="DESKTOP-S0OMM8K" failures="0" tests="5" name="TestNGProgram.DependsOnMethod" time="0.065" errors="0" timestamp="2025-04-20T12:27:52 IST" skipped="0">
  <testcase classname="TestNGProgram.DependsOnMethod" name="LogOut" time="0.011"/>
  <system-out/>
  <testcase classname="TestNGProgram.DependsOnMethod" name="Login" time="0.027"/>
  <system-out/>
  <testcase classname="TestNGProgram.DependsOnMethod" name="CreateAccount" time="0.004"/>
  <system-out/>
  <testcase classname="TestNGProgram.DependsOnMethod" name="Delete" time="0.007"/>
  <system-out/>
  <testcase classname="TestNGProgram.DependsOnMethod" name="Update" time="0.016"/>
  <system-out/>
</testsuite> <!-- TestNGProgram.DependsOnMethod -->
