<?xml version="1.0" encoding="UTF-8"?>
<!-- Generated by org.testng.reporters.JUnitReportReporter -->
<testsuite hostname="DESKTOP-S0OMM8K" failures="0" tests="1" name="TestNGProgram.TestNGTest" time="0.037" errors="0" timestamp="2025-04-20T12:05:19 IST" skipped="0">
  <testcase classname="TestNGProgram.TestNGTest" name="test" time="0.037"/>
  <system-out/>
</testsuite> <!-- TestNGProgram.TestNGTest -->
