<?xml version="1.0" encoding="UTF-8"?>
<!-- Generated by org.testng.reporters.JUnitReportReporter -->
<testsuite hostname="DESKTOP-S0OMM8K" failures="0" tests="6" name="TestNGProgram.Priority" time="0.081" errors="0" timestamp="2025-04-20T12:21:11 IST" skipped="0">
  <testcase classname="TestNGProgram.Priority" name="LogOut" time="0.029"/>
  <system-out/>
  <testcase classname="TestNGProgram.Priority" name="test" time="0.004"/>
  <system-out/>
  <testcase classname="TestNGProgram.Priority" name="Login" time="0.013"/>
  <system-out/>
  <testcase classname="TestNGProgram.Priority" name="CreateAccount" time="0.020"/>
  <system-out/>
  <testcase classname="TestNGProgram.Priority" name="Update" time="0.008"/>
  <system-out/>
  <testcase classname="TestNGProgram.Priority" name="Delete" time="0.007"/>
  <system-out/>
</testsuite> <!-- TestNGProgram.Priority -->
