<?xml version="1.0" encoding="UTF-8"?>
<!-- Generated by org.testng.reporters.JUnitReportReporter -->
<testsuite hostname="DESKTOP-S0OMM8K" failures="0" tests="3" name="DataProvider.Example3" time="40.680" errors="0" timestamp="2025-04-27T13:12:12 IST" skipped="0">
  <testcase classname="DataProvider.Example3" name="createNewAccount" time="14.389"/>
  <system-out/>
  <testcase classname="DataProvider.Example3" name="createNewAccount" time="13.245"/>
  <system-out/>
  <testcase classname="DataProvider.Example3" name="createNewAccount" time="13.046"/>
  <system-out/>
</testsuite> <!-- DataProvider.Example3 -->
