<?xml version="1.0" encoding="UTF-8"?>
<!-- Generated by org.testng.reporters.JUnitReportReporter -->
<testsuite hostname="DESKTOP-S0OMM8K" failures="0" tests="4" name="TestNGProgram.ReporterLog" time="0.303" errors="0" timestamp="2025-04-20T14:45:11 IST" skipped="0">
  <testcase classname="TestNGProgram.ReporterLog" name="validateURL" time="0.027"/>
  <system-out>
    <![CDATA[validate facebook urltrue]]>
  </system-out>
  <testcase classname="TestNGProgram.ReporterLog" name="validatePassWordfiel" time="0.060"/>
  <system-out>
    <![CDATA[validate password field is displayedtrue]]>
  </system-out>
  <testcase classname="TestNGProgram.ReporterLog" name="validatelogo" time="0.090"/>
  <system-out>
    <![CDATA[validate facebook logo is displayedtrue]]>
  </system-out>
  <testcase classname="TestNGProgram.ReporterLog" name="validateEmailfield" time="0.126"/>
  <system-out>
    <![CDATA[Validate email field is displayedtrue]]>
  </system-out>
</testsuite> <!-- TestNGProgram.ReporterLog -->
